0 verbose cli D:\nodejs\node.exe D:\nodejs\node_modules\npm\bin\npm-cli.js
1 info using npm@10.8.2
2 info using node@v20.20.1
3 silly config load:file:D:\nodejs\node_modules\npm\npmrc
4 silly config load:file:C:\Users\22067\Desktop\农策微光\frontend\.npmrc
5 silly config load:file:C:\Users\22067\.npmrc
6 silly config load:file:D:\nodejs\node_global\etc\npmrc
7 verbose title npm run build
8 verbose argv "run" "build"
9 verbose logfile logs-max:10 dir:C:\Users\22067\Desktop\农策微光\.npm-cache\_logs\2026-04-13T07_09_13_125Z-
10 verbose logfile C:\Users\22067\Desktop\农策微光\.npm-cache\_logs\2026-04-13T07_09_13_125Z-debug-0.log
11 silly logfile start cleaning logs, removing 2 files
12 silly logfile error removing log file C:\Users\22067\Desktop\农策微光\.npm-cache\_logs\2026-04-12T15_53_55_916Z-debug-0.log [Error: EPERM: operation not permitted, lstat 'C:\Users\22067\Desktop\农策微光\.npm-cache\_logs\2026-04-12T15_53_55_916Z-debug-0.log'] {
12 silly logfile   errno: -4048,
12 silly logfile   code: 'EPERM',
12 silly logfile   syscall: 'lstat',
12 silly logfile   path: 'C:\\Users\\22067\\Desktop\\农策微光\\.npm-cache\\_logs\\2026-04-12T15_53_55_916Z-debug-0.log'
12 silly logfile }
13 silly logfile done cleaning log files
14 verbose cwd C:\Users\22067\Desktop\农策微光\frontend
15 verbose os Windows_NT 10.0.26200
16 verbose node v20.20.1
17 verbose npm  v10.8.2
18 verbose exit 0
19 info ok
